Connecting to database specified by database.yml
Connecting to database specified by database.yml
  [1m[36m (0.2ms)[0m  [1mselect sqlite_version(*)[0m
  [1m[35m (2.3ms)[0m  CREATE TABLE "schema_migrations" ("version" varchar(255) NOT NULL) 
  [1m[36m (1.0ms)[0m  [1mCREATE UNIQUE INDEX "unique_schema_migrations" ON "schema_migrations" ("version")[0m
  [1m[35m (0.1ms)[0m  SELECT "schema_migrations"."version" FROM "schema_migrations" 
Migrating to CreatePredictions (20130324010808)
  [1m[36m (0.0ms)[0m  [1mbegin transaction[0m
  [1m[35m (0.5ms)[0m  CREATE TABLE "predictions" ("id" INTEGER PRIMARY KEY AUTOINCREMENT NOT NULL, "email" varchar(255), "prediction" varchar(255), "deadline" datetime, "created_at" datetime NOT NULL, "updated_at" datetime NOT NULL) 
  [1m[36m (0.1ms)[0m  [1mINSERT INTO "schema_migrations" ("version") VALUES ('20130324010808')[0m
  [1m[35m (1.6ms)[0m  commit transaction
  [1m[36m (0.1ms)[0m  [1mSELECT "schema_migrations"."version" FROM "schema_migrations" [0m


Started GET "/assets/rails.png" for 127.0.0.1 at 2013-03-23 21:10:49 -0400
Connecting to database specified by database.yml
Served asset /rails.png - 304 Not Modified (43ms)


Started GET "/predictions" for 127.0.0.1 at 2013-03-23 21:10:54 -0400
Processing by PredictionsController#index as HTML
  [1m[36mPrediction Load (0.1ms)[0m  [1mSELECT "predictions".* FROM "predictions" [0m
  Rendered predictions/index.html.erb within layouts/application (4.6ms)
Compiled predictions.css  (27ms)  (pid 8634)
Compiled scaffolds.css  (19ms)  (pid 8634)
Compiled application.css  (67ms)  (pid 8634)
Compiled jquery.js  (3ms)  (pid 8634)
Compiled jquery_ujs.js  (0ms)  (pid 8634)
Compiled predictions.js  (626ms)  (pid 8634)
Compiled application.js  (668ms)  (pid 8634)
Completed 200 OK in 965ms (Views: 924.3ms | ActiveRecord: 2.4ms)


Started GET "/assets/predictions.css?body=1" for 127.0.0.1 at 2013-03-23 21:10:55 -0400
Served asset /predictions.css - 200 OK (5ms)


Started GET "/assets/application.css?body=1" for 127.0.0.1 at 2013-03-23 21:10:55 -0400
Served asset /application.css - 200 OK (6ms)


Started GET "/assets/application.js?body=1" for 127.0.0.1 at 2013-03-23 21:10:55 -0400
Served asset /application.js - 200 OK (75ms)


Started GET "/assets/predictions.js?body=1" for 127.0.0.1 at 2013-03-23 21:10:55 -0400
Served asset /predictions.js - 200 OK (2ms)


Started GET "/assets/jquery.js?body=1" for 127.0.0.1 at 2013-03-23 21:10:55 -0400
Served asset /jquery.js - 304 Not Modified (4ms)


Started GET "/assets/scaffolds.css?body=1" for 127.0.0.1 at 2013-03-23 21:10:55 -0400
Served asset /scaffolds.css - 304 Not Modified (18ms)


Started GET "/assets/jquery_ujs.js?body=1" for 127.0.0.1 at 2013-03-23 21:10:55 -0400
Served asset /jquery_ujs.js - 304 Not Modified (3ms)


Started GET "/predictions/new" for 127.0.0.1 at 2013-03-23 21:10:59 -0400
Processing by PredictionsController#new as HTML
  Rendered predictions/_form.html.erb (52.0ms)
  Rendered predictions/new.html.erb within layouts/application (80.5ms)
Completed 200 OK in 97ms (Views: 87.6ms | ActiveRecord: 0.0ms)


Started GET "/assets/scaffolds.css?body=1" for 127.0.0.1 at 2013-03-23 21:10:59 -0400
Served asset /scaffolds.css - 304 Not Modified (0ms)


Started GET "/assets/application.js?body=1" for 127.0.0.1 at 2013-03-23 21:10:59 -0400
Served asset /application.js - 304 Not Modified (0ms)


Started GET "/assets/jquery_ujs.js?body=1" for 127.0.0.1 at 2013-03-23 21:10:59 -0400
Served asset /jquery_ujs.js - 304 Not Modified (0ms)


Started GET "/assets/predictions.js?body=1" for 127.0.0.1 at 2013-03-23 21:10:59 -0400
Served asset /predictions.js - 304 Not Modified (0ms)


Started GET "/assets/jquery.js?body=1" for 127.0.0.1 at 2013-03-23 21:10:59 -0400
Served asset /jquery.js - 304 Not Modified (0ms)
Connecting to database specified by database.yml
  [1m[36m (17.1ms)[0m  [1mSELECT "schema_migrations"."version" FROM "schema_migrations" [0m
Migrating to CreatePredictions (20130324010808)
  [1m[35m (0.6ms)[0m  select sqlite_version(*)
  [1m[36m (0.1ms)[0m  [1mSELECT "schema_migrations"."version" FROM "schema_migrations" [0m


Started GET "/assets/rails.png" for 127.0.0.1 at 2013-03-23 21:38:55 -0400
Connecting to database specified by database.yml
Served asset /rails.png - 304 Not Modified (2ms)


Started GET "/predictions" for 127.0.0.1 at 2013-03-23 21:38:58 -0400
Processing by PredictionsController#index as HTML
  [1m[36mPrediction Load (0.1ms)[0m  [1mSELECT "predictions".* FROM "predictions" [0m
  Rendered predictions/index.html.erb within layouts/application (16.8ms)
Compiled jquery.js  (3ms)  (pid 51408)
Compiled jquery_ujs.js  (0ms)  (pid 51408)
Compiled application.js  (49ms)  (pid 51408)
Completed 200 OK in 227ms (Views: 128.1ms | ActiveRecord: 2.8ms)


Started GET "/assets/application.css?body=1" for 127.0.0.1 at 2013-03-23 21:38:59 -0400
Served asset /application.css - 200 OK (4ms)


Started GET "/assets/predictions.css?body=1" for 127.0.0.1 at 2013-03-23 21:38:59 -0400
Served asset /predictions.css - 200 OK (3ms)


Started GET "/assets/jquery_ujs.js?body=1" for 127.0.0.1 at 2013-03-23 21:38:59 -0400
Served asset /jquery_ujs.js - 304 Not Modified (1ms)


Started GET "/assets/jquery.js?body=1" for 127.0.0.1 at 2013-03-23 21:38:59 -0400
Served asset /jquery.js - 304 Not Modified (3ms)


Started GET "/assets/scaffolds.css?body=1" for 127.0.0.1 at 2013-03-23 21:38:59 -0400
Served asset /scaffolds.css - 304 Not Modified (18ms)


Started GET "/assets/predictions.js?body=1" for 127.0.0.1 at 2013-03-23 21:38:59 -0400
Served asset /predictions.js - 200 OK (1ms)


Started GET "/assets/application.js?body=1" for 127.0.0.1 at 2013-03-23 21:38:59 -0400
Served asset /application.js - 200 OK (3ms)


Started GET "/predictions/new" for 127.0.0.1 at 2013-03-23 21:39:01 -0400
Processing by PredictionsController#new as HTML
  Rendered predictions/_form.html.erb (31.6ms)
  Rendered predictions/new.html.erb within layouts/application (104.6ms)
Completed 200 OK in 116ms (Views: 110.2ms | ActiveRecord: 0.0ms)


Started GET "/assets/scaffolds.css?body=1" for 127.0.0.1 at 2013-03-23 21:39:01 -0400
Served asset /scaffolds.css - 304 Not Modified (0ms)


Started GET "/assets/jquery.js?body=1" for 127.0.0.1 at 2013-03-23 21:39:01 -0400
Served asset /jquery.js - 304 Not Modified (0ms)


Started GET "/assets/jquery_ujs.js?body=1" for 127.0.0.1 at 2013-03-23 21:39:01 -0400
Served asset /jquery_ujs.js - 304 Not Modified (0ms)


Started POST "/predictions" for 127.0.0.1 at 2013-03-23 21:43:52 -0400
Processing by PredictionsController#create as HTML
  Parameters: {"utf8"=>"✓", "authenticity_token"=>"ck+0AeCkCSAzpsUwRTMgr08qKnE/jW79/sLF9wzhL2I=", "prediction"=>{"email"=>"laurabrown1113@gmail.com", "prediction"=>"i will die", "deadline(1i)"=>"2013", "deadline(2i)"=>"3", "deadline(3i)"=>"24", "deadline(4i)"=>"01", "deadline(5i)"=>"39"}, "commit"=>"Create Prediction"}
Completed 500 Internal Server Error in 602ms

NameError (undefined local variable or method `user' for #<PredictionMailer:0x007fd34e67fb78>):
  app/mailers/prediction_mailer.rb:6:in `welcome_email'
  app/controllers/predictions_controller.rb:44:in `create'


  Rendered /usr/local/rvm/gems/ruby-1.9.3-p392/gems/actionpack-3.2.12/lib/action_dispatch/middleware/templates/rescues/_trace.erb (2.7ms)
  Rendered /usr/local/rvm/gems/ruby-1.9.3-p392/gems/actionpack-3.2.12/lib/action_dispatch/middleware/templates/rescues/_request_and_response.erb (1.1ms)
  Rendered /usr/local/rvm/gems/ruby-1.9.3-p392/gems/actionpack-3.2.12/lib/action_dispatch/middleware/templates/rescues/diagnostics.erb within rescues/layout (39.8ms)


Started POST "/predictions" for 127.0.0.1 at 2013-03-23 21:44:05 -0400
Processing by PredictionsController#create as HTML
  Parameters: {"utf8"=>"✓", "authenticity_token"=>"ck+0AeCkCSAzpsUwRTMgr08qKnE/jW79/sLF9wzhL2I=", "prediction"=>{"email"=>"laurabrown1113@gmail.com", "prediction"=>"i will die", "deadline(1i)"=>"2013", "deadline(2i)"=>"3", "deadline(3i)"=>"24", "deadline(4i)"=>"01", "deadline(5i)"=>"39"}, "commit"=>"Create Prediction"}
  Rendered prediction_mailer/welcome_email.html.erb (0.3ms)

Sent mail to laurabrown1113@gmail.com (43ms)
Date: Sat, 23 Mar 2013 21:44:05 -0400
From: predictions.r.us@gmail.com
To: laurabrown1113@gmail.com
Message-ID: <514e5a653b478_c8d03fe9a869b05060635@Lauras-MacBook-Pro.local.mail>
Subject: Welcome to My Awesome Site
Mime-Version: 1.0
Content-Type: text/html;
 charset=UTF-8
Content-Transfer-Encoding: 7bit

<!DOCTYPE html>
<html>
  <head>
    <meta content="text/html; charset=UTF-8" http-equiv="Content-Type" />
  </head>
  <body>
    <p>
      You have successfully submitted your prediction.<br/>
      i will die
    </p>
    <p>
      To login to the site, just follow this link.
    </p>
    <p>Thanks for joining and have a great day!</p>
  </body>
</html>
  [1m[35m (0.1ms)[0m  begin transaction
  [1m[36mSQL (23.6ms)[0m  [1mINSERT INTO "predictions" ("created_at", "deadline", "email", "prediction", "updated_at") VALUES (?, ?, ?, ?, ?)[0m  [["created_at", Sun, 24 Mar 2013 01:44:05 UTC +00:00], ["deadline", Sun, 24 Mar 2013 01:39:00 UTC +00:00], ["email", "laurabrown1113@gmail.com"], ["prediction", "i will die"], ["updated_at", Sun, 24 Mar 2013 01:44:05 UTC +00:00]]
  [1m[35m (2.8ms)[0m  commit transaction
Redirected to http://localhost:3000/predictions/1
Completed 302 Found in 180ms (ActiveRecord: 27.0ms)


Started GET "/predictions/1" for 127.0.0.1 at 2013-03-23 21:44:05 -0400
Processing by PredictionsController#show as HTML
  Parameters: {"id"=>"1"}
  [1m[36mPrediction Load (0.2ms)[0m  [1mSELECT "predictions".* FROM "predictions" WHERE "predictions"."id" = ? LIMIT 1[0m  [["id", "1"]]
  Rendered predictions/show.html.erb within layouts/application (1.3ms)
Completed 200 OK in 8ms (Views: 6.3ms | ActiveRecord: 0.2ms)


Started GET "/assets/application.css?body=1" for 127.0.0.1 at 2013-03-23 21:44:05 -0400
Served asset /application.css - 304 Not Modified (6ms)


Started GET "/assets/predictions.css?body=1" for 127.0.0.1 at 2013-03-23 21:44:05 -0400
Served asset /predictions.css - 304 Not Modified (0ms)


Started GET "/assets/scaffolds.css?body=1" for 127.0.0.1 at 2013-03-23 21:44:05 -0400
Served asset /scaffolds.css - 304 Not Modified (0ms)


Started GET "/assets/jquery.js?body=1" for 127.0.0.1 at 2013-03-23 21:44:05 -0400
Served asset /jquery.js - 304 Not Modified (0ms)


Started GET "/assets/predictions.js?body=1" for 127.0.0.1 at 2013-03-23 21:44:05 -0400
Served asset /predictions.js - 304 Not Modified (0ms)


Started GET "/assets/jquery_ujs.js?body=1" for 127.0.0.1 at 2013-03-23 21:44:05 -0400
Served asset /jquery_ujs.js - 304 Not Modified (0ms)


Started GET "/assets/application.js?body=1" for 127.0.0.1 at 2013-03-23 21:44:05 -0400
Served asset /application.js - 304 Not Modified (0ms)


Started GET "/predictions/new" for 127.0.0.1 at 2013-03-23 21:45:24 -0400
Processing by PredictionsController#new as HTML
  Rendered predictions/_form.html.erb (5.7ms)
  Rendered predictions/new.html.erb within layouts/application (6.5ms)
Completed 200 OK in 18ms (Views: 11.4ms | ActiveRecord: 0.4ms)


Started GET "/assets/application.css?body=1" for 127.0.0.1 at 2013-03-23 21:45:24 -0400
Served asset /application.css - 304 Not Modified (2ms)


Started GET "/assets/predictions.css?body=1" for 127.0.0.1 at 2013-03-23 21:45:24 -0400
Served asset /predictions.css - 304 Not Modified (0ms)


Started GET "/assets/jquery_ujs.js?body=1" for 127.0.0.1 at 2013-03-23 21:45:24 -0400
Served asset /jquery_ujs.js - 304 Not Modified (0ms)


Started GET "/assets/scaffolds.css?body=1" for 127.0.0.1 at 2013-03-23 21:45:24 -0400
Served asset /scaffolds.css - 304 Not Modified (0ms)


Started GET "/assets/predictions.js?body=1" for 127.0.0.1 at 2013-03-23 21:45:24 -0400
Served asset /predictions.js - 304 Not Modified (0ms)


Started GET "/assets/jquery.js?body=1" for 127.0.0.1 at 2013-03-23 21:45:24 -0400
Served asset /jquery.js - 304 Not Modified (0ms)


Started GET "/assets/application.js?body=1" for 127.0.0.1 at 2013-03-23 21:45:24 -0400
Served asset /application.js - 304 Not Modified (0ms)


Started POST "/predictions" for 127.0.0.1 at 2013-03-23 21:45:31 -0400
Processing by PredictionsController#create as HTML
  Parameters: {"utf8"=>"✓", "authenticity_token"=>"ck+0AeCkCSAzpsUwRTMgr08qKnE/jW79/sLF9wzhL2I=", "prediction"=>{"email"=>"laurabrown1113@gmail.com", "prediction"=>"prediction", "deadline(1i)"=>"2013", "deadline(2i)"=>"3", "deadline(3i)"=>"24", "deadline(4i)"=>"01", "deadline(5i)"=>"45"}, "commit"=>"Create Prediction"}
  Rendered prediction_mailer/welcome_email.html.erb (0.1ms)
Completed 500 Internal Server Error in 36ms

RuntimeError (#<Mail::Message:70272803553800, Multipart: false, Headers: <From: predictions.r.us@gmail.com>, <To: laurabrown1113@gmail.com>, <Subject: Welcome to My Awesome Site>, <Mime-Version: 1.0>, <Content-Type: text/html>>):
  app/controllers/predictions_controller.rb:44:in `create'


  Rendered /usr/local/rvm/gems/ruby-1.9.3-p392/gems/actionpack-3.2.12/lib/action_dispatch/middleware/templates/rescues/_trace.erb (1.0ms)
  Rendered /usr/local/rvm/gems/ruby-1.9.3-p392/gems/actionpack-3.2.12/lib/action_dispatch/middleware/templates/rescues/_request_and_response.erb (0.9ms)
  Rendered /usr/local/rvm/gems/ruby-1.9.3-p392/gems/actionpack-3.2.12/lib/action_dispatch/middleware/templates/rescues/diagnostics.erb within rescues/layout (7.1ms)


Started GET "/predictions/new" for 127.0.0.1 at 2013-03-23 21:48:52 -0400
Processing by PredictionsController#new as HTML
  Rendered predictions/_form.html.erb (7.3ms)
  Rendered predictions/new.html.erb within layouts/application (8.1ms)
Completed 200 OK in 20ms (Views: 12.9ms | ActiveRecord: 0.4ms)


Started GET "/assets/application.css?body=1" for 127.0.0.1 at 2013-03-23 21:48:52 -0400
Served asset /application.css - 304 Not Modified (2ms)


Started GET "/assets/jquery_ujs.js?body=1" for 127.0.0.1 at 2013-03-23 21:48:52 -0400
Served asset /jquery_ujs.js - 304 Not Modified (0ms)


Started GET "/assets/predictions.css?body=1" for 127.0.0.1 at 2013-03-23 21:48:52 -0400
Served asset /predictions.css - 304 Not Modified (1ms)


Started GET "/assets/scaffolds.css?body=1" for 127.0.0.1 at 2013-03-23 21:48:52 -0400
Served asset /scaffolds.css - 304 Not Modified (0ms)


Started GET "/assets/predictions.js?body=1" for 127.0.0.1 at 2013-03-23 21:48:52 -0400
Served asset /predictions.js - 304 Not Modified (0ms)


Started GET "/assets/jquery.js?body=1" for 127.0.0.1 at 2013-03-23 21:48:52 -0400
Served asset /jquery.js - 304 Not Modified (0ms)


Started GET "/assets/application.js?body=1" for 127.0.0.1 at 2013-03-23 21:48:52 -0400
Served asset /application.js - 304 Not Modified (0ms)


Started POST "/predictions" for 127.0.0.1 at 2013-03-23 21:48:59 -0400
Processing by PredictionsController#create as HTML
  Parameters: {"utf8"=>"✓", "authenticity_token"=>"ck+0AeCkCSAzpsUwRTMgr08qKnE/jW79/sLF9wzhL2I=", "prediction"=>{"email"=>"laurabrown1113@gmail.com", "prediction"=>"prediction", "deadline(1i)"=>"2013", "deadline(2i)"=>"3", "deadline(3i)"=>"24", "deadline(4i)"=>"01", "deadline(5i)"=>"48"}, "commit"=>"Create Prediction"}
  [1m[35m (0.1ms)[0m  begin transaction
  [1m[36mSQL (0.5ms)[0m  [1mINSERT INTO "predictions" ("created_at", "deadline", "email", "prediction", "updated_at") VALUES (?, ?, ?, ?, ?)[0m  [["created_at", Sun, 24 Mar 2013 01:48:59 UTC +00:00], ["deadline", Sun, 24 Mar 2013 01:48:00 UTC +00:00], ["email", "laurabrown1113@gmail.com"], ["prediction", "prediction"], ["updated_at", Sun, 24 Mar 2013 01:48:59 UTC +00:00]]
  [1m[35m (91.5ms)[0m  commit transaction
  Rendered prediction_mailer/welcome_email.html.erb (0.1ms)
Completed 500 Internal Server Error in 109ms

RuntimeError (#<Mail::Message:70272803568500, Multipart: false, Headers: <From: predictions.r.us@gmail.com>, <To: laurabrown1113@gmail.com>, <Subject: Welcome to My Awesome Site>, <Mime-Version: 1.0>, <Content-Type: text/html>>):
  app/controllers/predictions_controller.rb:47:in `block in create'
  app/controllers/predictions_controller.rb:45:in `create'


  Rendered /usr/local/rvm/gems/ruby-1.9.3-p392/gems/actionpack-3.2.12/lib/action_dispatch/middleware/templates/rescues/_trace.erb (1.0ms)
  Rendered /usr/local/rvm/gems/ruby-1.9.3-p392/gems/actionpack-3.2.12/lib/action_dispatch/middleware/templates/rescues/_request_and_response.erb (1.0ms)
  Rendered /usr/local/rvm/gems/ruby-1.9.3-p392/gems/actionpack-3.2.12/lib/action_dispatch/middleware/templates/rescues/diagnostics.erb within rescues/layout (7.0ms)


Started POST "/predictions" for 127.0.0.1 at 2013-03-23 21:50:17 -0400
Processing by PredictionsController#create as HTML
  Parameters: {"utf8"=>"✓", "authenticity_token"=>"ck+0AeCkCSAzpsUwRTMgr08qKnE/jW79/sLF9wzhL2I=", "prediction"=>{"email"=>"laurabrown1113@gmail.com", "prediction"=>"prediction", "deadline(1i)"=>"2013", "deadline(2i)"=>"3", "deadline(3i)"=>"24", "deadline(4i)"=>"01", "deadline(5i)"=>"48"}, "commit"=>"Create Prediction"}
  [1m[36m (0.0ms)[0m  [1mbegin transaction[0m
  [1m[35mSQL (0.4ms)[0m  INSERT INTO "predictions" ("created_at", "deadline", "email", "prediction", "updated_at") VALUES (?, ?, ?, ?, ?)  [["created_at", Sun, 24 Mar 2013 01:50:17 UTC +00:00], ["deadline", Sun, 24 Mar 2013 01:48:00 UTC +00:00], ["email", "laurabrown1113@gmail.com"], ["prediction", "prediction"], ["updated_at", Sun, 24 Mar 2013 01:50:17 UTC +00:00]]
  [1m[36m (2.3ms)[0m  [1mcommit transaction[0m
  Rendered prediction_mailer/welcome_email.html.erb (0.1ms)

Sent mail to laurabrown1113@gmail.com (7ms)
Date: Sat, 23 Mar 2013 21:50:17 -0400
From: predictions.r.us@gmail.com
To: laurabrown1113@gmail.com
Message-ID: <514e5bd95323d_c8d03fe9a979130060725@Lauras-MacBook-Pro.local.mail>
Subject: Welcome to My Awesome Site
Mime-Version: 1.0
Content-Type: text/html;
 charset=UTF-8
Content-Transfer-Encoding: 7bit

<!DOCTYPE html>
<html>
  <head>
    <meta content="text/html; charset=UTF-8" http-equiv="Content-Type" />
  </head>
  <body>
    <p>
      You have successfully submitted your prediction.<br/>
      prediction
    </p>
    <p>
      To login to the site, just follow this link.
    </p>
    <p>Thanks for joining and have a great day!</p>
  </body>
</html>
Completed 500 Internal Server Error in 29ms

RuntimeError (#<Mail::Message:70272786559360, Multipart: false, Headers: <Date: Sat, 23 Mar 2013 21:50:17 -0400>, <From: predictions.r.us@gmail.com>, <To: laurabrown1113@gmail.com>, <Message-ID: <514e5bd95323d_c8d03fe9a979130060725@Lauras-MacBook-Pro.local.mail>>, <Subject: Welcome to My Awesome Site>, <Mime-Version: 1.0>, <Content-Type: text/html>, <Content-Transfer-Encoding: 7bit>>):
  app/controllers/predictions_controller.rb:47:in `block in create'
  app/controllers/predictions_controller.rb:45:in `create'


  Rendered /usr/local/rvm/gems/ruby-1.9.3-p392/gems/actionpack-3.2.12/lib/action_dispatch/middleware/templates/rescues/_trace.erb (1.0ms)
  Rendered /usr/local/rvm/gems/ruby-1.9.3-p392/gems/actionpack-3.2.12/lib/action_dispatch/middleware/templates/rescues/_request_and_response.erb (0.8ms)
  Rendered /usr/local/rvm/gems/ruby-1.9.3-p392/gems/actionpack-3.2.12/lib/action_dispatch/middleware/templates/rescues/diagnostics.erb within rescues/layout (6.4ms)


Started POST "/predictions" for 127.0.0.1 at 2013-03-23 21:50:36 -0400
Processing by PredictionsController#create as HTML
  Parameters: {"utf8"=>"✓", "authenticity_token"=>"ck+0AeCkCSAzpsUwRTMgr08qKnE/jW79/sLF9wzhL2I=", "prediction"=>{"email"=>"laurabrown1113@gmail.com", "prediction"=>"prediction", "deadline(1i)"=>"2013", "deadline(2i)"=>"3", "deadline(3i)"=>"24", "deadline(4i)"=>"01", "deadline(5i)"=>"48"}, "commit"=>"Create Prediction"}
  [1m[35m (0.1ms)[0m  begin transaction
  [1m[36mSQL (0.5ms)[0m  [1mINSERT INTO "predictions" ("created_at", "deadline", "email", "prediction", "updated_at") VALUES (?, ?, ?, ?, ?)[0m  [["created_at", Sun, 24 Mar 2013 01:50:36 UTC +00:00], ["deadline", Sun, 24 Mar 2013 01:48:00 UTC +00:00], ["email", "laurabrown1113@gmail.com"], ["prediction", "prediction"], ["updated_at", Sun, 24 Mar 2013 01:50:36 UTC +00:00]]
  [1m[35m (52.4ms)[0m  commit transaction
  Rendered prediction_mailer/welcome_email.html.erb (0.1ms)

Sent mail to laurabrown1113@gmail.com (7ms)
Date: Sat, 23 Mar 2013 21:50:36 -0400
From: predictions.r.us@gmail.com
To: laurabrown1113@gmail.com
Message-ID: <514e5bec68c4f_c8d03fe9a979130060847@Lauras-MacBook-Pro.local.mail>
Subject: Welcome to My Awesome Site
Mime-Version: 1.0
Content-Type: text/html;
 charset=UTF-8
Content-Transfer-Encoding: 7bit

<!DOCTYPE html>
<html>
  <head>
    <meta content="text/html; charset=UTF-8" http-equiv="Content-Type" />
  </head>
  <body>
    <p>
      You have successfully submitted your prediction.<br/>
      prediction
    </p>
    <p>
      To login to the site, just follow this link.
    </p>
    <p>Thanks for joining and have a great day!</p>
  </body>
</html>
Completed 500 Internal Server Error in 83ms

TypeError (exception class/object expected):
  app/controllers/predictions_controller.rb:47:in `raise'
  app/controllers/predictions_controller.rb:47:in `block in create'
  app/controllers/predictions_controller.rb:45:in `create'


  Rendered /usr/local/rvm/gems/ruby-1.9.3-p392/gems/actionpack-3.2.12/lib/action_dispatch/middleware/templates/rescues/_trace.erb (1.0ms)
  Rendered /usr/local/rvm/gems/ruby-1.9.3-p392/gems/actionpack-3.2.12/lib/action_dispatch/middleware/templates/rescues/_request_and_response.erb (0.8ms)
  Rendered /usr/local/rvm/gems/ruby-1.9.3-p392/gems/actionpack-3.2.12/lib/action_dispatch/middleware/templates/rescues/diagnostics.erb within rescues/layout (6.8ms)


Started POST "/predictions" for 127.0.0.1 at 2013-03-23 21:50:47 -0400
Processing by PredictionsController#create as HTML
  Parameters: {"utf8"=>"✓", "authenticity_token"=>"ck+0AeCkCSAzpsUwRTMgr08qKnE/jW79/sLF9wzhL2I=", "prediction"=>{"email"=>"laurabrown1113@gmail.com", "prediction"=>"prediction", "deadline(1i)"=>"2013", "deadline(2i)"=>"3", "deadline(3i)"=>"24", "deadline(4i)"=>"01", "deadline(5i)"=>"48"}, "commit"=>"Create Prediction"}
  [1m[36m (0.0ms)[0m  [1mbegin transaction[0m
  [1m[35mSQL (0.4ms)[0m  INSERT INTO "predictions" ("created_at", "deadline", "email", "prediction", "updated_at") VALUES (?, ?, ?, ?, ?)  [["created_at", Sun, 24 Mar 2013 01:50:47 UTC +00:00], ["deadline", Sun, 24 Mar 2013 01:48:00 UTC +00:00], ["email", "laurabrown1113@gmail.com"], ["prediction", "prediction"], ["updated_at", Sun, 24 Mar 2013 01:50:47 UTC +00:00]]
  [1m[36m (55.3ms)[0m  [1mcommit transaction[0m
  Rendered prediction_mailer/welcome_email.html.erb (0.0ms)

Sent mail to laurabrown1113@gmail.com (7ms)
Date: Sat, 23 Mar 2013 21:50:48 -0400
From: predictions.r.us@gmail.com
To: laurabrown1113@gmail.com
Message-ID: <514e5bf89c0b_c8d03fe9a9791300609c7@Lauras-MacBook-Pro.local.mail>
Subject: Welcome to My Awesome Site
Mime-Version: 1.0
Content-Type: text/html;
 charset=UTF-8
Content-Transfer-Encoding: 7bit

<!DOCTYPE html>
<html>
  <head>
    <meta content="text/html; charset=UTF-8" http-equiv="Content-Type" />
  </head>
  <body>
    <p>
      You have successfully submitted your prediction.<br/>
      prediction
    </p>
    <p>
      To login to the site, just follow this link.
    </p>
    <p>Thanks for joining and have a great day!</p>
  </body>
</html>
Redirected to http://localhost:3000/predictions/5
Completed 302 Found in 109ms (ActiveRecord: 56.1ms)


Started GET "/predictions/5" for 127.0.0.1 at 2013-03-23 21:50:48 -0400
Processing by PredictionsController#show as HTML
  Parameters: {"id"=>"5"}
  [1m[35mPrediction Load (0.2ms)[0m  SELECT "predictions".* FROM "predictions" WHERE "predictions"."id" = ? LIMIT 1  [["id", "5"]]
  Rendered predictions/show.html.erb within layouts/application (0.7ms)
Completed 200 OK in 7ms (Views: 5.5ms | ActiveRecord: 0.2ms)


Started GET "/assets/application.css?body=1" for 127.0.0.1 at 2013-03-23 21:50:48 -0400
Served asset /application.css - 304 Not Modified (0ms)


Started GET "/assets/jquery.js?body=1" for 127.0.0.1 at 2013-03-23 21:50:48 -0400
Served asset /jquery.js - 304 Not Modified (0ms)


Started GET "/assets/predictions.css?body=1" for 127.0.0.1 at 2013-03-23 21:50:48 -0400
Served asset /predictions.css - 304 Not Modified (0ms)


Started GET "/assets/scaffolds.css?body=1" for 127.0.0.1 at 2013-03-23 21:50:48 -0400
Served asset /scaffolds.css - 304 Not Modified (0ms)


Started GET "/assets/jquery_ujs.js?body=1" for 127.0.0.1 at 2013-03-23 21:50:48 -0400
Served asset /jquery_ujs.js - 304 Not Modified (0ms)


Started GET "/assets/predictions.js?body=1" for 127.0.0.1 at 2013-03-23 21:50:48 -0400
Served asset /predictions.js - 304 Not Modified (0ms)


Started GET "/assets/application.js?body=1" for 127.0.0.1 at 2013-03-23 21:50:48 -0400
Served asset /application.js - 304 Not Modified (0ms)


Started GET "/predictions/" for 127.0.0.1 at 2013-03-23 21:51:27 -0400
Processing by PredictionsController#index as HTML
  [1m[36mPrediction Load (0.2ms)[0m  [1mSELECT "predictions".* FROM "predictions" [0m
  Rendered predictions/index.html.erb within layouts/application (4.1ms)
Completed 200 OK in 10ms (Views: 8.9ms | ActiveRecord: 0.2ms)


Started GET "/assets/application.css?body=1" for 127.0.0.1 at 2013-03-23 21:51:28 -0400
Served asset /application.css - 304 Not Modified (0ms)


Started GET "/assets/predictions.css?body=1" for 127.0.0.1 at 2013-03-23 21:51:28 -0400
Served asset /predictions.css - 304 Not Modified (0ms)


Started GET "/assets/scaffolds.css?body=1" for 127.0.0.1 at 2013-03-23 21:51:28 -0400
Served asset /scaffolds.css - 304 Not Modified (0ms)


Started GET "/assets/jquery.js?body=1" for 127.0.0.1 at 2013-03-23 21:51:28 -0400
Served asset /jquery.js - 304 Not Modified (0ms)


Started GET "/assets/jquery_ujs.js?body=1" for 127.0.0.1 at 2013-03-23 21:51:28 -0400
Served asset /jquery_ujs.js - 304 Not Modified (0ms)


Started GET "/assets/predictions.js?body=1" for 127.0.0.1 at 2013-03-23 21:51:28 -0400
Served asset /predictions.js - 304 Not Modified (0ms)


Started GET "/assets/application.js?body=1" for 127.0.0.1 at 2013-03-23 21:51:28 -0400
Served asset /application.js - 304 Not Modified (0ms)


Started GET "/predictions/5" for 127.0.0.1 at 2013-03-23 21:51:31 -0400
Processing by PredictionsController#show as HTML
  Parameters: {"id"=>"5"}
  [1m[35mPrediction Load (0.1ms)[0m  SELECT "predictions".* FROM "predictions" WHERE "predictions"."id" = ? LIMIT 1  [["id", "5"]]
  Rendered predictions/show.html.erb within layouts/application (0.6ms)
Completed 200 OK in 6ms (Views: 4.8ms | ActiveRecord: 0.1ms)


Started GET "/assets/application.css?body=1" for 127.0.0.1 at 2013-03-23 21:51:31 -0400
Served asset /application.css - 304 Not Modified (0ms)


Started GET "/assets/predictions.css?body=1" for 127.0.0.1 at 2013-03-23 21:51:31 -0400
Served asset /predictions.css - 304 Not Modified (0ms)


Started GET "/assets/jquery_ujs.js?body=1" for 127.0.0.1 at 2013-03-23 21:51:31 -0400
Served asset /jquery_ujs.js - 304 Not Modified (0ms)


Started GET "/assets/scaffolds.css?body=1" for 127.0.0.1 at 2013-03-23 21:51:31 -0400
Served asset /scaffolds.css - 304 Not Modified (1ms)


Started GET "/assets/jquery.js?body=1" for 127.0.0.1 at 2013-03-23 21:51:31 -0400
Served asset /jquery.js - 304 Not Modified (0ms)


Started GET "/assets/predictions.js?body=1" for 127.0.0.1 at 2013-03-23 21:51:31 -0400
Served asset /predictions.js - 304 Not Modified (0ms)


Started GET "/assets/application.js?body=1" for 127.0.0.1 at 2013-03-23 21:51:31 -0400
Served asset /application.js - 304 Not Modified (0ms)


Started GET "/predictions/new" for 127.0.0.1 at 2013-03-23 21:51:38 -0400
Processing by PredictionsController#new as HTML
  Rendered predictions/_form.html.erb (6.3ms)
  Rendered predictions/new.html.erb within layouts/application (7.3ms)
Completed 200 OK in 13ms (Views: 12.1ms | ActiveRecord: 0.0ms)


Started GET "/assets/application.css?body=1" for 127.0.0.1 at 2013-03-23 21:51:38 -0400
Served asset /application.css - 304 Not Modified (32ms)


Started GET "/assets/scaffolds.css?body=1" for 127.0.0.1 at 2013-03-23 21:51:38 -0400
Served asset /scaffolds.css - 304 Not Modified (0ms)


Started GET "/assets/predictions.js?body=1" for 127.0.0.1 at 2013-03-23 21:51:38 -0400
Served asset /predictions.js - 304 Not Modified (0ms)


Started GET "/assets/predictions.css?body=1" for 127.0.0.1 at 2013-03-23 21:51:38 -0400
Served asset /predictions.css - 304 Not Modified (0ms)


Started GET "/assets/jquery_ujs.js?body=1" for 127.0.0.1 at 2013-03-23 21:51:38 -0400
Served asset /jquery_ujs.js - 304 Not Modified (0ms)


Started GET "/assets/jquery.js?body=1" for 127.0.0.1 at 2013-03-23 21:51:38 -0400
Served asset /jquery.js - 304 Not Modified (0ms)


Started GET "/assets/application.js?body=1" for 127.0.0.1 at 2013-03-23 21:51:38 -0400
Served asset /application.js - 304 Not Modified (0ms)


Started GET "/predictions/" for 127.0.0.1 at 2013-03-23 21:53:07 -0400
Connecting to database specified by database.yml
Processing by PredictionsController#index as HTML
  [1m[36mPrediction Load (0.1ms)[0m  [1mSELECT "predictions".* FROM "predictions" [0m
  Rendered predictions/index.html.erb within layouts/application (7.8ms)
Completed 200 OK in 69ms (Views: 47.6ms | ActiveRecord: 1.7ms)


Started GET "/assets/application.css?body=1" for 127.0.0.1 at 2013-03-23 21:53:08 -0400
Served asset /application.css - 304 Not Modified (6ms)


Started GET "/assets/jquery.js?body=1" for 127.0.0.1 at 2013-03-23 21:53:08 -0400
Served asset /jquery.js - 304 Not Modified (5ms)


Started GET "/assets/jquery_ujs.js?body=1" for 127.0.0.1 at 2013-03-23 21:53:08 -0400
Served asset /jquery_ujs.js - 304 Not Modified (1ms)


Started GET "/assets/predictions.css?body=1" for 127.0.0.1 at 2013-03-23 21:53:08 -0400
Served asset /predictions.css - 304 Not Modified (2ms)


Started GET "/assets/scaffolds.css?body=1" for 127.0.0.1 at 2013-03-23 21:53:08 -0400
Served asset /scaffolds.css - 304 Not Modified (1ms)


Started GET "/assets/predictions.js?body=1" for 127.0.0.1 at 2013-03-23 21:53:08 -0400
Served asset /predictions.js - 304 Not Modified (1ms)


Started GET "/assets/application.js?body=1" for 127.0.0.1 at 2013-03-23 21:53:08 -0400
Served asset /application.js - 304 Not Modified (4ms)


Started GET "/predictions/new" for 127.0.0.1 at 2013-03-23 21:53:10 -0400
Processing by PredictionsController#new as HTML
  Rendered predictions/_form.html.erb (9.7ms)
  Rendered predictions/new.html.erb within layouts/application (15.0ms)
Completed 200 OK in 20ms (Views: 19.4ms | ActiveRecord: 0.0ms)


Started GET "/assets/application.css?body=1" for 127.0.0.1 at 2013-03-23 21:53:10 -0400
Served asset /application.css - 304 Not Modified (0ms)


Started GET "/assets/predictions.css?body=1" for 127.0.0.1 at 2013-03-23 21:53:10 -0400
Served asset /predictions.css - 304 Not Modified (23ms)


Started GET "/assets/scaffolds.css?body=1" for 127.0.0.1 at 2013-03-23 21:53:10 -0400
Served asset /scaffolds.css - 304 Not Modified (0ms)


Started GET "/assets/jquery.js?body=1" for 127.0.0.1 at 2013-03-23 21:53:10 -0400
Served asset /jquery.js - 304 Not Modified (0ms)


Started GET "/assets/jquery_ujs.js?body=1" for 127.0.0.1 at 2013-03-23 21:53:10 -0400
Served asset /jquery_ujs.js - 304 Not Modified (0ms)


Started GET "/assets/application.js?body=1" for 127.0.0.1 at 2013-03-23 21:53:10 -0400
Served asset /application.js - 304 Not Modified (0ms)


Started GET "/assets/predictions.js?body=1" for 127.0.0.1 at 2013-03-23 21:53:10 -0400
Served asset /predictions.js - 304 Not Modified (0ms)


Started POST "/predictions" for 127.0.0.1 at 2013-03-23 21:53:17 -0400
Processing by PredictionsController#create as HTML
  Parameters: {"utf8"=>"✓", "authenticity_token"=>"ck+0AeCkCSAzpsUwRTMgr08qKnE/jW79/sLF9wzhL2I=", "prediction"=>{"email"=>"laurabrown1113@gmail.com", "prediction"=>"prediction!", "deadline(1i)"=>"2013", "deadline(2i)"=>"3", "deadline(3i)"=>"24", "deadline(4i)"=>"01", "deadline(5i)"=>"53"}, "commit"=>"Create Prediction"}
  [1m[35m (0.1ms)[0m  begin transaction
  [1m[36mSQL (24.9ms)[0m  [1mINSERT INTO "predictions" ("created_at", "deadline", "email", "prediction", "updated_at") VALUES (?, ?, ?, ?, ?)[0m  [["created_at", Sun, 24 Mar 2013 01:53:17 UTC +00:00], ["deadline", Sun, 24 Mar 2013 01:53:00 UTC +00:00], ["email", "laurabrown1113@gmail.com"], ["prediction", "prediction!"], ["updated_at", Sun, 24 Mar 2013 01:53:17 UTC +00:00]]
  [1m[35m (23.2ms)[0m  commit transaction
  Rendered prediction_mailer/welcome_email.html.erb (0.4ms)

Sent mail to laurabrown1113@gmail.com (16ms)
Date: Sat, 23 Mar 2013 21:53:17 -0400
From: predictions.r.us@gmail.com
To: laurabrown1113@gmail.com
Message-ID: <514e5c8dc8954_ca0a3fd9e12e5e289343c@Lauras-MacBook-Pro.local.mail>
Subject: Welcome to My Awesome Site
Mime-Version: 1.0
Content-Type: text/html;
 charset=UTF-8
Content-Transfer-Encoding: 7bit

<!DOCTYPE html>
<html>
  <head>
    <meta content="text/html; charset=UTF-8" http-equiv="Content-Type" />
  </head>
  <body>
    <p>
      You have successfully submitted your prediction.<br/>
      prediction!
    </p>
    <p>
      To login to the site, just follow this link.
    </p>
    <p>Thanks for joining and have a great day!</p>
  </body>
</html>
Redirected to http://localhost:3000/predictions/6
Completed 302 Found in 413ms (ActiveRecord: 48.2ms)


Started GET "/predictions/6" for 127.0.0.1 at 2013-03-23 21:53:17 -0400
Processing by PredictionsController#show as HTML
  Parameters: {"id"=>"6"}
  [1m[36mPrediction Load (0.2ms)[0m  [1mSELECT "predictions".* FROM "predictions" WHERE "predictions"."id" = ? LIMIT 1[0m  [["id", "6"]]
  Rendered predictions/show.html.erb within layouts/application (1.0ms)
Completed 200 OK in 7ms (Views: 5.3ms | ActiveRecord: 0.2ms)


Started GET "/assets/application.css?body=1" for 127.0.0.1 at 2013-03-23 21:53:17 -0400
Served asset /application.css - 304 Not Modified (28ms)


Started GET "/assets/scaffolds.css?body=1" for 127.0.0.1 at 2013-03-23 21:53:17 -0400
Served asset /scaffolds.css - 304 Not Modified (1ms)


Started GET "/assets/predictions.css?body=1" for 127.0.0.1 at 2013-03-23 21:53:17 -0400
Served asset /predictions.css - 304 Not Modified (0ms)


Started GET "/assets/jquery.js?body=1" for 127.0.0.1 at 2013-03-23 21:53:17 -0400
Served asset /jquery.js - 304 Not Modified (0ms)


Started GET "/assets/jquery_ujs.js?body=1" for 127.0.0.1 at 2013-03-23 21:53:17 -0400
Served asset /jquery_ujs.js - 304 Not Modified (0ms)


Started GET "/assets/predictions.js?body=1" for 127.0.0.1 at 2013-03-23 21:53:17 -0400
Served asset /predictions.js - 304 Not Modified (0ms)


Started GET "/assets/application.js?body=1" for 127.0.0.1 at 2013-03-23 21:53:17 -0400
Served asset /application.js - 304 Not Modified (0ms)


Started GET "/predictions/6" for 127.0.0.1 at 2013-03-23 22:01:54 -0400
Processing by PredictionsController#show as HTML
  Parameters: {"id"=>"6"}
  [1m[35mPrediction Load (0.1ms)[0m  SELECT "predictions".* FROM "predictions" WHERE "predictions"."id" = ? LIMIT 1  [["id", "6"]]
  Rendered predictions/show.html.erb within layouts/application (0.7ms)
Completed 200 OK in 13ms (Views: 5.8ms | ActiveRecord: 0.5ms)


Started GET "/assets/scaffolds.css?body=1" for 127.0.0.1 at 2013-03-23 22:01:54 -0400
Served asset /scaffolds.css - 304 Not Modified (1ms)


Started GET "/assets/predictions.css?body=1" for 127.0.0.1 at 2013-03-23 22:01:54 -0400
Served asset /predictions.css - 304 Not Modified (0ms)


Started GET "/assets/application.css?body=1" for 127.0.0.1 at 2013-03-23 22:01:54 -0400
Served asset /application.css - 304 Not Modified (1ms)


Started GET "/assets/jquery.js?body=1" for 127.0.0.1 at 2013-03-23 22:01:54 -0400
Served asset /jquery.js - 304 Not Modified (0ms)


Started GET "/assets/predictions.js?body=1" for 127.0.0.1 at 2013-03-23 22:01:54 -0400
Served asset /predictions.js - 304 Not Modified (0ms)


Started GET "/assets/jquery_ujs.js?body=1" for 127.0.0.1 at 2013-03-23 22:01:54 -0400
Served asset /jquery_ujs.js - 304 Not Modified (0ms)


Started GET "/assets/application.js?body=1" for 127.0.0.1 at 2013-03-23 22:01:54 -0400
Served asset /application.js - 304 Not Modified (0ms)


Started GET "/predictions/new" for 127.0.0.1 at 2013-03-23 22:01:56 -0400
Processing by PredictionsController#new as HTML
  Rendered predictions/_form.html.erb (6.9ms)
  Rendered predictions/new.html.erb within layouts/application (7.8ms)
Completed 200 OK in 13ms (Views: 12.4ms | ActiveRecord: 0.0ms)


Started GET "/assets/application.css?body=1" for 127.0.0.1 at 2013-03-23 22:01:56 -0400
Served asset /application.css - 304 Not Modified (0ms)


Started GET "/assets/predictions.css?body=1" for 127.0.0.1 at 2013-03-23 22:01:56 -0400
Served asset /predictions.css - 304 Not Modified (0ms)


Started GET "/assets/scaffolds.css?body=1" for 127.0.0.1 at 2013-03-23 22:01:56 -0400
Served asset /scaffolds.css - 304 Not Modified (0ms)


Started GET "/assets/jquery_ujs.js?body=1" for 127.0.0.1 at 2013-03-23 22:01:56 -0400
Served asset /jquery_ujs.js - 304 Not Modified (0ms)


Started GET "/assets/jquery.js?body=1" for 127.0.0.1 at 2013-03-23 22:01:56 -0400
Served asset /jquery.js - 304 Not Modified (0ms)


Started GET "/assets/predictions.js?body=1" for 127.0.0.1 at 2013-03-23 22:01:56 -0400
Served asset /predictions.js - 304 Not Modified (0ms)


Started GET "/assets/application.js?body=1" for 127.0.0.1 at 2013-03-23 22:01:56 -0400
Served asset /application.js - 304 Not Modified (0ms)


Started POST "/predictions" for 127.0.0.1 at 2013-03-23 22:01:59 -0400
Processing by PredictionsController#create as HTML
  Parameters: {"utf8"=>"✓", "authenticity_token"=>"ck+0AeCkCSAzpsUwRTMgr08qKnE/jW79/sLF9wzhL2I=", "prediction"=>{"email"=>"lau", "prediction"=>"", "deadline(1i)"=>"2013", "deadline(2i)"=>"3", "deadline(3i)"=>"24", "deadline(4i)"=>"02", "deadline(5i)"=>"01"}, "commit"=>"Create Prediction"}
  [1m[36m (0.1ms)[0m  [1mbegin transaction[0m
  [1m[35mSQL (0.5ms)[0m  INSERT INTO "predictions" ("created_at", "deadline", "email", "prediction", "updated_at") VALUES (?, ?, ?, ?, ?)  [["created_at", Sun, 24 Mar 2013 02:01:59 UTC +00:00], ["deadline", Sun, 24 Mar 2013 02:01:00 UTC +00:00], ["email", "lau"], ["prediction", ""], ["updated_at", Sun, 24 Mar 2013 02:01:59 UTC +00:00]]
  [1m[36m (2.3ms)[0m  [1mcommit transaction[0m
  Rendered prediction_mailer/welcome_email.html.erb (0.1ms)

Sent mail to lau (6ms)
Date: Sat, 23 Mar 2013 22:01:59 -0400
From: predictions.r.us@gmail.com
To: lau
Message-ID: <514e5e97d01dc_ca0a3fd9e2e88770935f5@Lauras-MacBook-Pro.local.mail>
Subject: Welcome to My Awesome Site
Mime-Version: 1.0
Content-Type: text/html;
 charset=UTF-8
Content-Transfer-Encoding: 7bit

<!DOCTYPE html>
<html>
  <head>
    <meta content="text/html; charset=UTF-8" http-equiv="Content-Type" />
  </head>
  <body>
    <p>
      You have successfully submitted your prediction.<br/>
      
    </p>
    <p>
      To login to the site, just follow this link.
    </p>
    <p>Thanks for joining and have a great day!</p>
  </body>
</html>
Completed 500 Internal Server Error in 24ms

Errno::ECONNREFUSED (Connection refused - connect(2)):
  app/controllers/predictions_controller.rb:47:in `block in create'
  app/controllers/predictions_controller.rb:45:in `create'


  Rendered /usr/local/rvm/gems/ruby-1.9.3-p392/gems/actionpack-3.2.12/lib/action_dispatch/middleware/templates/rescues/_trace.erb (1.0ms)
  Rendered /usr/local/rvm/gems/ruby-1.9.3-p392/gems/actionpack-3.2.12/lib/action_dispatch/middleware/templates/rescues/_request_and_response.erb (26.6ms)
  Rendered /usr/local/rvm/gems/ruby-1.9.3-p392/gems/actionpack-3.2.12/lib/action_dispatch/middleware/templates/rescues/diagnostics.erb within rescues/layout (32.7ms)


Started POST "/predictions" for 127.0.0.1 at 2013-03-23 22:02:20 -0400
Processing by PredictionsController#create as HTML
  Parameters: {"utf8"=>"✓", "authenticity_token"=>"ck+0AeCkCSAzpsUwRTMgr08qKnE/jW79/sLF9wzhL2I=", "prediction"=>{"email"=>"laurabrown1113@gmail.com", "prediction"=>"prediction", "deadline(1i)"=>"2013", "deadline(2i)"=>"3", "deadline(3i)"=>"24", "deadline(4i)"=>"02", "deadline(5i)"=>"01"}, "commit"=>"Create Prediction"}
  [1m[35m (0.1ms)[0m  begin transaction
  [1m[36mSQL (0.6ms)[0m  [1mINSERT INTO "predictions" ("created_at", "deadline", "email", "prediction", "updated_at") VALUES (?, ?, ?, ?, ?)[0m  [["created_at", Sun, 24 Mar 2013 02:02:20 UTC +00:00], ["deadline", Sun, 24 Mar 2013 02:01:00 UTC +00:00], ["email", "laurabrown1113@gmail.com"], ["prediction", "prediction"], ["updated_at", Sun, 24 Mar 2013 02:02:20 UTC +00:00]]
  [1m[35m (2.3ms)[0m  commit transaction
  Rendered prediction_mailer/welcome_email.html.erb (0.1ms)

Sent mail to laurabrown1113@gmail.com (8ms)
Date: Sat, 23 Mar 2013 22:02:20 -0400
From: predictions.r.us@gmail.com
To: laurabrown1113@gmail.com
Message-ID: <514e5eacf285c_ca0a3fd9e2e88770936d1@Lauras-MacBook-Pro.local.mail>
Subject: Welcome to My Awesome Site
Mime-Version: 1.0
Content-Type: text/html;
 charset=UTF-8
Content-Transfer-Encoding: 7bit

<!DOCTYPE html>
<html>
  <head>
    <meta content="text/html; charset=UTF-8" http-equiv="Content-Type" />
  </head>
  <body>
    <p>
      You have successfully submitted your prediction.<br/>
      prediction
    </p>
    <p>
      To login to the site, just follow this link.
    </p>
    <p>Thanks for joining and have a great day!</p>
  </body>
</html>
Completed 500 Internal Server Error in 21ms

Errno::ECONNREFUSED (Connection refused - connect(2)):
  app/controllers/predictions_controller.rb:47:in `block in create'
  app/controllers/predictions_controller.rb:45:in `create'


  Rendered /usr/local/rvm/gems/ruby-1.9.3-p392/gems/actionpack-3.2.12/lib/action_dispatch/middleware/templates/rescues/_trace.erb (1.0ms)
  Rendered /usr/local/rvm/gems/ruby-1.9.3-p392/gems/actionpack-3.2.12/lib/action_dispatch/middleware/templates/rescues/_request_and_response.erb (1.0ms)
  Rendered /usr/local/rvm/gems/ruby-1.9.3-p392/gems/actionpack-3.2.12/lib/action_dispatch/middleware/templates/rescues/diagnostics.erb within rescues/layout (7.0ms)


Started POST "/predictions" for 127.0.0.1 at 2013-03-23 22:13:08 -0400
Processing by PredictionsController#create as HTML
  Parameters: {"utf8"=>"✓", "authenticity_token"=>"ck+0AeCkCSAzpsUwRTMgr08qKnE/jW79/sLF9wzhL2I=", "prediction"=>{"email"=>"laurabrown1113@gmail.com", "prediction"=>"prediction", "deadline(1i)"=>"2013", "deadline(2i)"=>"3", "deadline(3i)"=>"24", "deadline(4i)"=>"02", "deadline(5i)"=>"01"}, "commit"=>"Create Prediction"}
  [1m[36m (0.1ms)[0m  [1mbegin transaction[0m
  [1m[35mSQL (0.4ms)[0m  INSERT INTO "predictions" ("created_at", "deadline", "email", "prediction", "updated_at") VALUES (?, ?, ?, ?, ?)  [["created_at", Sun, 24 Mar 2013 02:13:08 UTC +00:00], ["deadline", Sun, 24 Mar 2013 02:01:00 UTC +00:00], ["email", "laurabrown1113@gmail.com"], ["prediction", "prediction"], ["updated_at", Sun, 24 Mar 2013 02:13:08 UTC +00:00]]
  [1m[36m (52.7ms)[0m  [1mcommit transaction[0m
  Rendered prediction_mailer/welcome_email.html.erb (0.1ms)

Sent mail to laurabrown1113@gmail.com (7ms)
Date: Sat, 23 Mar 2013 22:13:08 -0400
From: predictions.r.us@gmail.com
To: laurabrown1113@gmail.com
Message-ID: <514e6134a8fac_ca0a3fd9e12ce78c9377@Lauras-MacBook-Pro.local.mail>
Subject: Welcome to My Awesome Site
Mime-Version: 1.0
Content-Type: text/html;
 charset=UTF-8
Content-Transfer-Encoding: 7bit

<!DOCTYPE html>
<html>
  <head>
    <meta content="text/html; charset=UTF-8" http-equiv="Content-Type" />
  </head>
  <body>
    <p>
      You have successfully submitted your prediction.<br/>
      prediction
    </p>
    <p>
      To login to the site, just follow this link.
    </p>
    <p>Thanks for joining and have a great day!</p>
  </body>
</html>
Completed 500 Internal Server Error in 82ms

Errno::ECONNREFUSED (Connection refused - connect(2)):
  app/controllers/predictions_controller.rb:47:in `block in create'
  app/controllers/predictions_controller.rb:45:in `create'


  Rendered /usr/local/rvm/gems/ruby-1.9.3-p392/gems/actionpack-3.2.12/lib/action_dispatch/middleware/templates/rescues/_trace.erb (1.0ms)
  Rendered /usr/local/rvm/gems/ruby-1.9.3-p392/gems/actionpack-3.2.12/lib/action_dispatch/middleware/templates/rescues/_request_and_response.erb (0.8ms)
  Rendered /usr/local/rvm/gems/ruby-1.9.3-p392/gems/actionpack-3.2.12/lib/action_dispatch/middleware/templates/rescues/diagnostics.erb within rescues/layout (6.7ms)
Connecting to database specified by database.yml
  [1m[36m (5.1ms)[0m  [1mSELECT "schema_migrations"."version" FROM "schema_migrations" [0m
Migrating to CreatePredictions (20130324010808)
  [1m[35m (0.4ms)[0m  select sqlite_version(*)
  [1m[36m (0.1ms)[0m  [1mSELECT "schema_migrations"."version" FROM "schema_migrations" [0m
